# JRE version: OpenJDK Runtime Environment (8.0_131-b11) (build 1.8.0_131-8u131-b11-2ubuntu1.17.04.3-b11)
# Java VM: OpenJDK 64-Bit Server VM (25.131-b11 mixed mode linux-amd64 compressed oops)
Heap:
 PSYoungGen      total 70656K, used 6184K [0x00000000ebb00000, 0x00000000f0800000, 0x0000000100000000)
  eden space 62976K, 0% used [0x00000000ebb00000,0x00000000ebb00000,0x00000000ef880000)
  from space 7680K, 80% used [0x00000000ef880000,0x00000000efe8a2c0,0x00000000f0000000)
  to   space 7168K, 0% used [0x00000000f0000000,0x00000000f0000000,0x00000000f0700000)
 ParOldGen       total 42496K, used 10817K [0x00000000c3000000, 0x00000000c5980000, 0x00000000ebb00000)
  object space 42496K, 25% used [0x00000000c3000000,0x00000000c3a90650,0x00000000c5980000)
 Metaspace       used 18185K, capacity 18416K, committed 18688K, reserved 1064960K
  class space    used 2169K, capacity 2224K, committed 2304K, reserved 1048576K
GC Heap History (10 events):
Event: 0,691 GC heap after
Heap after GC invocations=2 (full 0):
 PSYoungGen      total 18432K, used 2553K [0x00000000ebb00000, 0x00000000edf00000, 0x0000000100000000)
  eden space 15872K, 0% used [0x00000000ebb00000,0x00000000ebb00000,0x00000000eca80000)
  from space 2560K, 99% used [0x00000000ecd00000,0x00000000ecf7e440,0x00000000ecf80000)
  to   space 2560K, 0% used [0x00000000eca80000,0x00000000eca80000,0x00000000ecd00000)
 ParOldGen       total 42496K, used 1039K [0x00000000c3000000, 0x00000000c5980000, 0x00000000ebb00000)
  object space 42496K, 2% used [0x00000000c3000000,0x00000000c3103e00,0x00000000c5980000)
 Metaspace       used 7967K, capacity 8066K, committed 8192K, reserved 1056768K
  class space    used 962K, capacity 979K, committed 1024K, reserved 1048576K
}
Event: 0,810 GC heap before
{Heap before GC invocations=3 (full 0):
 PSYoungGen      total 18432K, used 18425K [0x00000000ebb00000, 0x00000000edf00000, 0x0000000100000000)
  eden space 15872K, 100% used [0x00000000ebb00000,0x00000000eca80000,0x00000000eca80000)
  from space 2560K, 99% used [0x00000000ecd00000,0x00000000ecf7e440,0x00000000ecf80000)
  to   space 2560K, 0% used [0x00000000eca80000,0x00000000eca80000,0x00000000ecd00000)
 ParOldGen       total 42496K, used 1039K [0x00000000c3000000, 0x00000000c5980000, 0x00000000ebb00000)
  object space 42496K, 2% used [0x00000000c3000000,0x00000000c3103e00,0x00000000c5980000)
 Metaspace       used 9769K, capacity 9858K, committed 9984K, reserved 1058816K
  class space    used 1179K, capacity 1235K, committed 1280K, reserved 1048576K
Event: 0,815 GC heap after
Heap after GC invocations=3 (full 0):
 PSYoungGen      total 18432K, used 2544K [0x00000000ebb00000, 0x00000000edf00000, 0x0000000100000000)
  eden space 15872K, 0% used [0x00000000ebb00000,0x00000000ebb00000,0x00000000eca80000)
  from space 2560K, 99% used [0x00000000eca80000,0x00000000eccfc010,0x00000000ecd00000)
  to   space 2560K, 0% used [0x00000000edc80000,0x00000000edc80000,0x00000000edf00000)
 ParOldGen       total 42496K, used 5112K [0x00000000c3000000, 0x00000000c5980000, 0x00000000ebb00000)
  object space 42496K, 12% used [0x00000000c3000000,0x00000000c34fe3d8,0x00000000c5980000)
 Metaspace       used 9769K, capacity 9858K, committed 9984K, reserved 1058816K
  class space    used 1179K, capacity 1235K, committed 1280K, reserved 1048576K
}
Event: 0,899 GC heap before
{Heap before GC invocations=4 (full 0):
 PSYoungGen      total 18432K, used 18416K [0x00000000ebb00000, 0x00000000edf00000, 0x0000000100000000)
  eden space 15872K, 100% used [0x00000000ebb00000,0x00000000eca80000,0x00000000eca80000)
  from space 2560K, 99% used [0x00000000eca80000,0x00000000eccfc010,0x00000000ecd00000)
  to   space 2560K, 0% used [0x00000000edc80000,0x00000000edc80000,0x00000000edf00000)
 ParOldGen       total 42496K, used 5112K [0x00000000c3000000, 0x00000000c5980000, 0x00000000ebb00000)
  object space 42496K, 12% used [0x00000000c3000000,0x00000000c34fe3d8,0x00000000c5980000)
 Metaspace       used 11433K, capacity 11554K, committed 11648K, reserved 1058816K
  class space    used 1367K, capacity 1395K, committed 1408K, reserved 1048576K
Event: 0,904 GC heap after
Heap after GC invocations=4 (full 0):
 PSYoungGen      total 34304K, used 2528K [0x00000000ebb00000, 0x00000000edf00000, 0x0000000100000000)
  eden space 31744K, 0% used [0x00000000ebb00000,0x00000000ebb00000,0x00000000eda00000)
  from space 2560K, 98% used [0x00000000edc80000,0x00000000edef8020,0x00000000edf00000)
  to   space 2560K, 0% used [0x00000000eda00000,0x00000000eda00000,0x00000000edc80000)
 ParOldGen       total 42496K, used 6549K [0x00000000c3000000, 0x00000000c5980000, 0x00000000ebb00000)
  object space 42496K, 15% used [0x00000000c3000000,0x00000000c36657c0,0x00000000c5980000)
 Metaspace       used 11433K, capacity 11554K, committed 11648K, reserved 1058816K
  class space    used 1367K, capacity 1395K, committed 1408K, reserved 1048576K
}
Event: 1,167 GC heap before
{Heap before GC invocations=5 (full 0):
 PSYoungGen      total 34304K, used 34272K [0x00000000ebb00000, 0x00000000edf00000, 0x0000000100000000)
  eden space 31744K, 100% used [0x00000000ebb00000,0x00000000eda00000,0x00000000eda00000)
  from space 2560K, 98% used [0x00000000edc80000,0x00000000edef8020,0x00000000edf00000)
  to   space 2560K, 0% used [0x00000000eda00000,0x00000000eda00000,0x00000000edc80000)
 ParOldGen       total 42496K, used 6549K [0x00000000c3000000, 0x00000000c5980000, 0x00000000ebb00000)
  object space 42496K, 15% used [0x00000000c3000000,0x00000000c36657c0,0x00000000c5980000)
 Metaspace       used 14866K, capacity 14992K, committed 15232K, reserved 1062912K
  class space    used 1786K, capacity 1824K, committed 1920K, reserved 1048576K
Event: 1,184 GC heap after
Heap after GC invocations=5 (full 0):
 PSYoungGen      total 34304K, used 2528K [0x00000000ebb00000, 0x00000000f0700000, 0x0000000100000000)
  eden space 31744K, 0% used [0x00000000ebb00000,0x00000000ebb00000,0x00000000eda00000)
  from space 2560K, 98% used [0x00000000eda00000,0x00000000edc78030,0x00000000edc80000)
  to   space 7168K, 0% used [0x00000000f0000000,0x00000000f0000000,0x00000000f0700000)
 ParOldGen       total 42496K, used 9707K [0x00000000c3000000, 0x00000000c5980000, 0x00000000ebb00000)
  object space 42496K, 22% used [0x00000000c3000000,0x00000000c397ae00,0x00000000c5980000)
 Metaspace       used 14866K, capacity 14992K, committed 15232K, reserved 1062912K
  class space    used 1786K, capacity 1824K, committed 1920K, reserved 1048576K
}
Event: 1,649 GC heap before
{Heap before GC invocations=6 (full 0):
 PSYoungGen      total 34304K, used 34272K [0x00000000ebb00000, 0x00000000f0700000, 0x0000000100000000)
  eden space 31744K, 100% used [0x00000000ebb00000,0x00000000eda00000,0x00000000eda00000)
  from space 2560K, 98% used [0x00000000eda00000,0x00000000edc78030,0x00000000edc80000)
  to   space 7168K, 0% used [0x00000000f0000000,0x00000000f0000000,0x00000000f0700000)
 ParOldGen       total 42496K, used 9707K [0x00000000c3000000, 0x00000000c5980000, 0x00000000ebb00000)
  object space 42496K, 22% used [0x00000000c3000000,0x00000000c397ae00,0x00000000c5980000)
 Metaspace       used 17138K, capacity 17310K, committed 17536K, reserved 1064960K
  class space    used 2051K, capacity 2093K, committed 2176K, reserved 1048576K
Event: 1,685 GC heap after
Heap after GC invocations=6 (full 0):
 PSYoungGen      total 70144K, used 5562K [0x00000000ebb00000, 0x00000000f0800000, 0x0000000100000000)
  eden space 62976K, 0% used [0x00000000ebb00000,0x00000000ebb00000,0x00000000ef880000)
  from space 7168K, 77% used [0x00000000f0000000,0x00000000f056ea48,0x00000000f0700000)
  to   space 7680K, 0% used [0x00000000ef880000,0x00000000ef880000,0x00000000f0000000)
 ParOldGen       total 42496K, used 9715K [0x00000000c3000000, 0x00000000c5980000, 0x00000000ebb00000)
  object space 42496K, 22% used [0x00000000c3000000,0x00000000c397ce00,0x00000000c5980000)
 Metaspace       used 17138K, capacity 17310K, committed 17536K, reserved 1064960K
  class space    used 2051K, capacity 2093K, committed 2176K, reserved 1048576K
}
Event: 2,352 GC heap before
{Heap before GC invocations=7 (full 0):
 PSYoungGen      total 70144K, used 68538K [0x00000000ebb00000, 0x00000000f0800000, 0x0000000100000000)
  eden space 62976K, 100% used [0x00000000ebb00000,0x00000000ef880000,0x00000000ef880000)
  from space 7168K, 77% used [0x00000000f0000000,0x00000000f056ea48,0x00000000f0700000)
  to   space 7680K, 0% used [0x00000000ef880000,0x00000000ef880000,0x00000000f0000000)
 ParOldGen       total 42496K, used 9715K [0x00000000c3000000, 0x00000000c5980000, 0x00000000ebb00000)
  object space 42496K, 22% used [0x00000000c3000000,0x00000000c397ce00,0x00000000c5980000)
 Metaspace       used 18185K, capacity 18416K, committed 18688K, reserved 1064960K
  class space    used 2169K, capacity 2224K, committed 2304K, reserved 1048576K

