# JRE version: OpenJDK Runtime Environment (8.0_131-b11) (build 1.8.0_131-8u131-b11-2ubuntu1.17.04.3-b11)
# Java VM: OpenJDK 64-Bit Server VM (25.131-b11 mixed mode linux-amd64 compressed oops)
Heap:
 PSYoungGen      total 70656K, used 6005K [0x00000000ebb00000, 0x00000000f0700000, 0x0000000100000000)
  eden space 63488K, 0% used [0x00000000ebb00000,0x00000000ebb00000,0x00000000ef900000)
  from space 7168K, 83% used [0x00000000ef900000,0x00000000efedd660,0x00000000f0000000)
  to   space 7168K, 0% used [0x00000000f0000000,0x00000000f0000000,0x00000000f0700000)
 ParOldGen       total 42496K, used 11003K [0x00000000c3000000, 0x00000000c5980000, 0x00000000ebb00000)
  object space 42496K, 25% used [0x00000000c3000000,0x00000000c3abef18,0x00000000c5980000)
 Metaspace       used 18162K, capacity 18352K, committed 18688K, reserved 1064960K
  class space    used 2174K, capacity 2224K, committed 2304K, reserved 1048576K
GC Heap History (10 events):
Event: 0,917 GC heap after
Heap after GC invocations=2 (full 0):
 PSYoungGen      total 18432K, used 2528K [0x00000000ebb00000, 0x00000000edf00000, 0x0000000100000000)
  eden space 15872K, 0% used [0x00000000ebb00000,0x00000000ebb00000,0x00000000eca80000)
  from space 2560K, 98% used [0x00000000ecd00000,0x00000000ecf78088,0x00000000ecf80000)
  to   space 2560K, 0% used [0x00000000eca80000,0x00000000eca80000,0x00000000ecd00000)
 ParOldGen       total 42496K, used 1170K [0x00000000c3000000, 0x00000000c5980000, 0x00000000ebb00000)
  object space 42496K, 2% used [0x00000000c3000000,0x00000000c3124aa8,0x00000000c5980000)
 Metaspace       used 7978K, capacity 8066K, committed 8192K, reserved 1056768K
  class space    used 962K, capacity 979K, committed 1024K, reserved 1048576K
}
Event: 1,072 GC heap before
{Heap before GC invocations=3 (full 0):
 PSYoungGen      total 18432K, used 18400K [0x00000000ebb00000, 0x00000000edf00000, 0x0000000100000000)
  eden space 15872K, 100% used [0x00000000ebb00000,0x00000000eca80000,0x00000000eca80000)
  from space 2560K, 98% used [0x00000000ecd00000,0x00000000ecf78088,0x00000000ecf80000)
  to   space 2560K, 0% used [0x00000000eca80000,0x00000000eca80000,0x00000000ecd00000)
 ParOldGen       total 42496K, used 1170K [0x00000000c3000000, 0x00000000c5980000, 0x00000000ebb00000)
  object space 42496K, 2% used [0x00000000c3000000,0x00000000c3124aa8,0x00000000c5980000)
 Metaspace       used 9832K, capacity 9986K, committed 10240K, reserved 1058816K
  class space    used 1187K, capacity 1235K, committed 1280K, reserved 1048576K
Event: 1,089 GC heap after
Heap after GC invocations=3 (full 0):
 PSYoungGen      total 18432K, used 2545K [0x00000000ebb00000, 0x00000000edf00000, 0x0000000100000000)
  eden space 15872K, 0% used [0x00000000ebb00000,0x00000000ebb00000,0x00000000eca80000)
  from space 2560K, 99% used [0x00000000eca80000,0x00000000eccfc458,0x00000000ecd00000)
  to   space 2560K, 0% used [0x00000000edc80000,0x00000000edc80000,0x00000000edf00000)
 ParOldGen       total 42496K, used 4936K [0x00000000c3000000, 0x00000000c5980000, 0x00000000ebb00000)
  object space 42496K, 11% used [0x00000000c3000000,0x00000000c34d2158,0x00000000c5980000)
 Metaspace       used 9832K, capacity 9986K, committed 10240K, reserved 1058816K
  class space    used 1187K, capacity 1235K, committed 1280K, reserved 1048576K
}
Event: 1,180 GC heap before
{Heap before GC invocations=4 (full 0):
 PSYoungGen      total 18432K, used 18417K [0x00000000ebb00000, 0x00000000edf00000, 0x0000000100000000)
  eden space 15872K, 100% used [0x00000000ebb00000,0x00000000eca80000,0x00000000eca80000)
  from space 2560K, 99% used [0x00000000eca80000,0x00000000eccfc458,0x00000000ecd00000)
  to   space 2560K, 0% used [0x00000000edc80000,0x00000000edc80000,0x00000000edf00000)
 ParOldGen       total 42496K, used 4936K [0x00000000c3000000, 0x00000000c5980000, 0x00000000ebb00000)
  object space 42496K, 11% used [0x00000000c3000000,0x00000000c34d2158,0x00000000c5980000)
 Metaspace       used 11389K, capacity 11490K, committed 11648K, reserved 1058816K
  class space    used 1366K, capacity 1395K, committed 1408K, reserved 1048576K
Event: 1,195 GC heap after
Heap after GC invocations=4 (full 0):
 PSYoungGen      total 34304K, used 2528K [0x00000000ebb00000, 0x00000000edf00000, 0x0000000100000000)
  eden space 31744K, 0% used [0x00000000ebb00000,0x00000000ebb00000,0x00000000eda00000)
  from space 2560K, 98% used [0x00000000edc80000,0x00000000edef8020,0x00000000edf00000)
  to   space 2560K, 0% used [0x00000000eda00000,0x00000000eda00000,0x00000000edc80000)
 ParOldGen       total 42496K, used 6577K [0x00000000c3000000, 0x00000000c5980000, 0x00000000ebb00000)
  object space 42496K, 15% used [0x00000000c3000000,0x00000000c366c4b0,0x00000000c5980000)
 Metaspace       used 11389K, capacity 11490K, committed 11648K, reserved 1058816K
  class space    used 1366K, capacity 1395K, committed 1408K, reserved 1048576K
}
Event: 1,460 GC heap before
{Heap before GC invocations=5 (full 0):
 PSYoungGen      total 34304K, used 34272K [0x00000000ebb00000, 0x00000000edf00000, 0x0000000100000000)
  eden space 31744K, 100% used [0x00000000ebb00000,0x00000000eda00000,0x00000000eda00000)
  from space 2560K, 98% used [0x00000000edc80000,0x00000000edef8020,0x00000000edf00000)
  to   space 2560K, 0% used [0x00000000eda00000,0x00000000eda00000,0x00000000edc80000)
 ParOldGen       total 42496K, used 6577K [0x00000000c3000000, 0x00000000c5980000, 0x00000000ebb00000)
  object space 42496K, 15% used [0x00000000c3000000,0x00000000c366c4b0,0x00000000c5980000)
 Metaspace       used 14877K, capacity 14992K, committed 15232K, reserved 1062912K
  class space    used 1791K, capacity 1824K, committed 1920K, reserved 1048576K
Event: 1,474 GC heap after
Heap after GC invocations=5 (full 0):
 PSYoungGen      total 34304K, used 2560K [0x00000000ebb00000, 0x00000000f0700000, 0x0000000100000000)
  eden space 31744K, 0% used [0x00000000ebb00000,0x00000000ebb00000,0x00000000eda00000)
  from space 2560K, 100% used [0x00000000eda00000,0x00000000edc80000,0x00000000edc80000)
  to   space 7168K, 0% used [0x00000000f0000000,0x00000000f0000000,0x00000000f0700000)
 ParOldGen       total 42496K, used 9674K [0x00000000c3000000, 0x00000000c5980000, 0x00000000ebb00000)
  object space 42496K, 22% used [0x00000000c3000000,0x00000000c3972938,0x00000000c5980000)
 Metaspace       used 14877K, capacity 14992K, committed 15232K, reserved 1062912K
  class space    used 1791K, capacity 1824K, committed 1920K, reserved 1048576K
}
Event: 2,012 GC heap before
{Heap before GC invocations=6 (full 0):
 PSYoungGen      total 34304K, used 34304K [0x00000000ebb00000, 0x00000000f0700000, 0x0000000100000000)
  eden space 31744K, 100% used [0x00000000ebb00000,0x00000000eda00000,0x00000000eda00000)
  from space 2560K, 100% used [0x00000000eda00000,0x00000000edc80000,0x00000000edc80000)
  to   space 7168K, 0% used [0x00000000f0000000,0x00000000f0000000,0x00000000f0700000)
 ParOldGen       total 42496K, used 9674K [0x00000000c3000000, 0x00000000c5980000, 0x00000000ebb00000)
  object space 42496K, 22% used [0x00000000c3000000,0x00000000c3972938,0x00000000c5980000)
 Metaspace       used 17165K, capacity 17342K, committed 17536K, reserved 1064960K
  class space    used 2055K, capacity 2125K, committed 2176K, reserved 1048576K
Event: 2,027 GC heap after
Heap after GC invocations=6 (full 0):
 PSYoungGen      total 70656K, used 5567K [0x00000000ebb00000, 0x00000000f0700000, 0x0000000100000000)
  eden space 63488K, 0% used [0x00000000ebb00000,0x00000000ebb00000,0x00000000ef900000)
  from space 7168K, 77% used [0x00000000f0000000,0x00000000f056fd60,0x00000000f0700000)
  to   space 7168K, 0% used [0x00000000ef900000,0x00000000ef900000,0x00000000f0000000)
 ParOldGen       total 42496K, used 9682K [0x00000000c3000000, 0x00000000c5980000, 0x00000000ebb00000)
  object space 42496K, 22% used [0x00000000c3000000,0x00000000c3974938,0x00000000c5980000)
 Metaspace       used 17165K, capacity 17342K, committed 17536K, reserved 1064960K
  class space    used 2055K, capacity 2125K, committed 2176K, reserved 1048576K
}
Event: 6,067 GC heap before
{Heap before GC invocations=7 (full 0):
 PSYoungGen      total 70656K, used 69055K [0x00000000ebb00000, 0x00000000f0700000, 0x0000000100000000)
  eden space 63488K, 100% used [0x00000000ebb00000,0x00000000ef900000,0x00000000ef900000)
  from space 7168K, 77% used [0x00000000f0000000,0x00000000f056fd60,0x00000000f0700000)
  to   space 7168K, 0% used [0x00000000ef900000,0x00000000ef900000,0x00000000f0000000)
 ParOldGen       total 42496K, used 9682K [0x00000000c3000000, 0x00000000c5980000, 0x00000000ebb00000)
  object space 42496K, 22% used [0x00000000c3000000,0x00000000c3974938,0x00000000c5980000)
 Metaspace       used 18162K, capacity 18352K, committed 18688K, reserved 1064960K
  class space    used 2174K, capacity 2224K, committed 2304K, reserved 1048576K

