# JRE version: OpenJDK Runtime Environment (8.0_131-b11) (build 1.8.0_131-8u131-b11-2ubuntu1.17.04.3-b11)
# Java VM: OpenJDK 64-Bit Server VM (25.131-b11 mixed mode linux-amd64 compressed oops)
Heap:
 PSYoungGen      total 134656K, used 10925K [0x00000000ebb00000, 0x00000000f4c00000, 0x0000000100000000)
  eden space 122368K, 0% used [0x00000000ebb00000,0x00000000ebb00000,0x00000000f3280000)
  from space 12288K, 88% used [0x00000000f3280000,0x00000000f3d2b608,0x00000000f3e80000)
  to   space 10752K, 0% used [0x00000000f3e80000,0x00000000f3e80000,0x00000000f4900000)
 ParOldGen       total 42496K, used 16152K [0x00000000c3000000, 0x00000000c5980000, 0x00000000ebb00000)
  object space 42496K, 38% used [0x00000000c3000000,0x00000000c3fc60c8,0x00000000c5980000)
 Metaspace       used 20552K, capacity 21180K, committed 21296K, reserved 1069056K
  class space    used 2407K, capacity 2577K, committed 2608K, reserved 1048576K
GC Heap History (10 events):
Event: 1,176 GC heap after
Heap after GC invocations=4 (full 0):
 PSYoungGen      total 34304K, used 2528K [0x00000000ebb00000, 0x00000000edf00000, 0x0000000100000000)
  eden space 31744K, 0% used [0x00000000ebb00000,0x00000000ebb00000,0x00000000eda00000)
  from space 2560K, 98% used [0x00000000edc80000,0x00000000edef8040,0x00000000edf00000)
  to   space 2560K, 0% used [0x00000000eda00000,0x00000000eda00000,0x00000000edc80000)
 ParOldGen       total 42496K, used 4825K [0x00000000c3000000, 0x00000000c5980000, 0x00000000ebb00000)
  object space 42496K, 11% used [0x00000000c3000000,0x00000000c34b6480,0x00000000c5980000)
 Metaspace       used 11535K, capacity 11752K, committed 12032K, reserved 1060864K
  class space    used 1427K, capacity 1508K, committed 1536K, reserved 1048576K
}
Event: 1,667 GC heap before
{Heap before GC invocations=5 (full 0):
 PSYoungGen      total 34304K, used 34272K [0x00000000ebb00000, 0x00000000edf00000, 0x0000000100000000)
  eden space 31744K, 100% used [0x00000000ebb00000,0x00000000eda00000,0x00000000eda00000)
  from space 2560K, 98% used [0x00000000edc80000,0x00000000edef8040,0x00000000edf00000)
  to   space 2560K, 0% used [0x00000000eda00000,0x00000000eda00000,0x00000000edc80000)
 ParOldGen       total 42496K, used 4825K [0x00000000c3000000, 0x00000000c5980000, 0x00000000ebb00000)
  object space 42496K, 11% used [0x00000000c3000000,0x00000000c34b6480,0x00000000c5980000)
 Metaspace       used 14359K, capacity 14564K, committed 14976K, reserved 1062912K
  class space    used 1751K, capacity 1838K, committed 1920K, reserved 1048576K
Event: 1,689 GC heap after
Heap after GC invocations=5 (full 0):
 PSYoungGen      total 34304K, used 2560K [0x00000000ebb00000, 0x00000000f0500000, 0x0000000100000000)
  eden space 31744K, 0% used [0x00000000ebb00000,0x00000000ebb00000,0x00000000eda00000)
  from space 2560K, 100% used [0x00000000eda00000,0x00000000edc80000,0x00000000edc80000)
  to   space 6144K, 0% used [0x00000000eff00000,0x00000000eff00000,0x00000000f0500000)
 ParOldGen       total 42496K, used 7233K [0x00000000c3000000, 0x00000000c5980000, 0x00000000ebb00000)
  object space 42496K, 17% used [0x00000000c3000000,0x00000000c3710520,0x00000000c5980000)
 Metaspace       used 14359K, capacity 14564K, committed 14976K, reserved 1062912K
  class space    used 1751K, capacity 1838K, committed 1920K, reserved 1048576K
}
Event: 2,179 GC heap before
{Heap before GC invocations=6 (full 0):
 PSYoungGen      total 34304K, used 34304K [0x00000000ebb00000, 0x00000000f0500000, 0x0000000100000000)
  eden space 31744K, 100% used [0x00000000ebb00000,0x00000000eda00000,0x00000000eda00000)
  from space 2560K, 100% used [0x00000000eda00000,0x00000000edc80000,0x00000000edc80000)
  to   space 6144K, 0% used [0x00000000eff00000,0x00000000eff00000,0x00000000f0500000)
 ParOldGen       total 42496K, used 7233K [0x00000000c3000000, 0x00000000c5980000, 0x00000000ebb00000)
  object space 42496K, 17% used [0x00000000c3000000,0x00000000c3710520,0x00000000c5980000)
 Metaspace       used 16063K, capacity 16336K, committed 16640K, reserved 1064960K
  class space    used 1904K, capacity 1974K, committed 2048K, reserved 1048576K
Event: 2,191 GC heap after
Heap after GC invocations=6 (full 0):
 PSYoungGen      total 68096K, used 6132K [0x00000000ebb00000, 0x00000000f0800000, 0x0000000100000000)
  eden space 61952K, 0% used [0x00000000ebb00000,0x00000000ebb00000,0x00000000ef780000)
  from space 6144K, 99% used [0x00000000eff00000,0x00000000f04fd098,0x00000000f0500000)
  to   space 7680K, 0% used [0x00000000ef780000,0x00000000ef780000,0x00000000eff00000)
 ParOldGen       total 42496K, used 8081K [0x00000000c3000000, 0x00000000c5980000, 0x00000000ebb00000)
  object space 42496K, 19% used [0x00000000c3000000,0x00000000c37e45f0,0x00000000c5980000)
 Metaspace       used 16063K, capacity 16336K, committed 16640K, reserved 1064960K
  class space    used 1904K, capacity 1974K, committed 2048K, reserved 1048576K
}
Event: 2,794 GC heap before
{Heap before GC invocations=7 (full 0):
 PSYoungGen      total 68096K, used 68084K [0x00000000ebb00000, 0x00000000f0800000, 0x0000000100000000)
  eden space 61952K, 100% used [0x00000000ebb00000,0x00000000ef780000,0x00000000ef780000)
  from space 6144K, 99% used [0x00000000eff00000,0x00000000f04fd098,0x00000000f0500000)
  to   space 7680K, 0% used [0x00000000ef780000,0x00000000ef780000,0x00000000eff00000)
 ParOldGen       total 42496K, used 8081K [0x00000000c3000000, 0x00000000c5980000, 0x00000000ebb00000)
  object space 42496K, 19% used [0x00000000c3000000,0x00000000c37e45f0,0x00000000c5980000)
 Metaspace       used 16443K, capacity 16700K, committed 16896K, reserved 1064960K
  class space    used 1925K, capacity 2008K, committed 2048K, reserved 1048576K
Event: 2,815 GC heap after
Heap after GC invocations=7 (full 0):
 PSYoungGen      total 69632K, used 7680K [0x00000000ebb00000, 0x00000000f4900000, 0x0000000100000000)
  eden space 61952K, 0% used [0x00000000ebb00000,0x00000000ebb00000,0x00000000ef780000)
  from space 7680K, 100% used [0x00000000ef780000,0x00000000eff00000,0x00000000eff00000)
  to   space 10752K, 0% used [0x00000000f3e80000,0x00000000f3e80000,0x00000000f4900000)
 ParOldGen       total 42496K, used 11794K [0x00000000c3000000, 0x00000000c5980000, 0x00000000ebb00000)
  object space 42496K, 27% used [0x00000000c3000000,0x00000000c3b84878,0x00000000c5980000)
 Metaspace       used 16443K, capacity 16700K, committed 16896K, reserved 1064960K
  class space    used 1925K, capacity 2008K, committed 2048K, reserved 1048576K
}
Event: 4,102 GC heap before
{Heap before GC invocations=8 (full 0):
 PSYoungGen      total 69632K, used 69632K [0x00000000ebb00000, 0x00000000f4900000, 0x0000000100000000)
  eden space 61952K, 100% used [0x00000000ebb00000,0x00000000ef780000,0x00000000ef780000)
  from space 7680K, 100% used [0x00000000ef780000,0x00000000eff00000,0x00000000eff00000)
  to   space 10752K, 0% used [0x00000000f3e80000,0x00000000f3e80000,0x00000000f4900000)
 ParOldGen       total 42496K, used 11794K [0x00000000c3000000, 0x00000000c5980000, 0x00000000ebb00000)
  object space 42496K, 27% used [0x00000000c3000000,0x00000000c3b84878,0x00000000c5980000)
 Metaspace       used 18049K, capacity 18614K, committed 18944K, reserved 1067008K
  class space    used 2064K, capacity 2192K, committed 2304K, reserved 1048576K
Event: 4,123 GC heap after
Heap after GC invocations=8 (full 0):
 PSYoungGen      total 133120K, used 10303K [0x00000000ebb00000, 0x00000000f4c00000, 0x0000000100000000)
  eden space 122368K, 0% used [0x00000000ebb00000,0x00000000ebb00000,0x00000000f3280000)
  from space 10752K, 95% used [0x00000000f3e80000,0x00000000f488fdb0,0x00000000f4900000)
  to   space 12288K, 0% used [0x00000000f3280000,0x00000000f3280000,0x00000000f3e80000)
 ParOldGen       total 42496K, used 12540K [0x00000000c3000000, 0x00000000c5980000, 0x00000000ebb00000)
  object space 42496K, 29% used [0x00000000c3000000,0x00000000c3c3f0b8,0x00000000c5980000)
 Metaspace       used 18049K, capacity 18614K, committed 18944K, reserved 1067008K
  class space    used 2064K, capacity 2192K, committed 2304K, reserved 1048576K
}
Event: 20,837 GC heap before
{Heap before GC invocations=9 (full 0):
 PSYoungGen      total 133120K, used 83348K [0x00000000ebb00000, 0x00000000f4c00000, 0x0000000100000000)
  eden space 122368K, 59% used [0x00000000ebb00000,0x00000000f02552f8,0x00000000f3280000)
  from space 10752K, 95% used [0x00000000f3e80000,0x00000000f488fdb0,0x00000000f4900000)
  to   space 12288K, 0% used [0x00000000f3280000,0x00000000f3280000,0x00000000f3e80000)
 ParOldGen       total 42496K, used 12540K [0x00000000c3000000, 0x00000000c5980000, 0x00000000ebb00000)
  object space 42496K, 29% used [0x00000000c3000000,0x00000000c3c3f0b8,0x00000000c5980000)
 Metaspace       used 20552K, capacity 21180K, committed 21296K, reserved 1069056K
  class space    used 2407K, capacity 2577K, committed 2608K, reserved 1048576K

