# JRE version: OpenJDK Runtime Environment (8.0_131-b11) (build 1.8.0_131-8u131-b11-2ubuntu1.17.04.3-b11)
# Java VM: OpenJDK 64-Bit Server VM (25.131-b11 mixed mode linux-amd64 compressed oops)
Heap:
 PSYoungGen      total 70656K, used 5973K [0x00000000ebb00000, 0x00000000f0800000, 0x0000000100000000)
  eden space 62976K, 0% used [0x00000000ebb00000,0x00000000ebb00000,0x00000000ef880000)
  from space 7680K, 77% used [0x00000000ef880000,0x00000000efe55448,0x00000000f0000000)
  to   space 7168K, 0% used [0x00000000f0000000,0x00000000f0000000,0x00000000f0700000)
 ParOldGen       total 42496K, used 11125K [0x00000000c3000000, 0x00000000c5980000, 0x00000000ebb00000)
  object space 42496K, 26% used [0x00000000c3000000,0x00000000c3add7d8,0x00000000c5980000)
 Metaspace       used 18168K, capacity 18352K, committed 18688K, reserved 1064960K
  class space    used 2168K, capacity 2224K, committed 2304K, reserved 1048576K
GC Heap History (10 events):
Event: 0,799 GC heap after
Heap after GC invocations=2 (full 0):
 PSYoungGen      total 18432K, used 2549K [0x00000000ebb00000, 0x00000000edf00000, 0x0000000100000000)
  eden space 15872K, 0% used [0x00000000ebb00000,0x00000000ebb00000,0x00000000eca80000)
  from space 2560K, 99% used [0x00000000ecd00000,0x00000000ecf7d670,0x00000000ecf80000)
  to   space 2560K, 0% used [0x00000000eca80000,0x00000000eca80000,0x00000000ecd00000)
 ParOldGen       total 42496K, used 1269K [0x00000000c3000000, 0x00000000c5980000, 0x00000000ebb00000)
  object space 42496K, 2% used [0x00000000c3000000,0x00000000c313d6c0,0x00000000c5980000)
 Metaspace       used 7999K, capacity 8130K, committed 8192K, reserved 1056768K
  class space    used 969K, capacity 979K, committed 1024K, reserved 1048576K
}
Event: 0,906 GC heap before
{Heap before GC invocations=3 (full 0):
 PSYoungGen      total 18432K, used 18413K [0x00000000ebb00000, 0x00000000edf00000, 0x0000000100000000)
  eden space 15872K, 99% used [0x00000000ebb00000,0x00000000eca7def8,0x00000000eca80000)
  from space 2560K, 99% used [0x00000000ecd00000,0x00000000ecf7d670,0x00000000ecf80000)
  to   space 2560K, 0% used [0x00000000eca80000,0x00000000eca80000,0x00000000ecd00000)
 ParOldGen       total 42496K, used 1300K [0x00000000c3000000, 0x00000000c5980000, 0x00000000ebb00000)
  object space 42496K, 3% used [0x00000000c3000000,0x00000000c31452d0,0x00000000c5980000)
 Metaspace       used 9754K, capacity 9858K, committed 9984K, reserved 1058816K
  class space    used 1179K, capacity 1235K, committed 1280K, reserved 1048576K
Event: 0,925 GC heap after
Heap after GC invocations=3 (full 0):
 PSYoungGen      total 18432K, used 2528K [0x00000000ebb00000, 0x00000000edf00000, 0x0000000100000000)
  eden space 15872K, 0% used [0x00000000ebb00000,0x00000000ebb00000,0x00000000eca80000)
  from space 2560K, 98% used [0x00000000eca80000,0x00000000eccf8200,0x00000000ecd00000)
  to   space 2560K, 0% used [0x00000000edc80000,0x00000000edc80000,0x00000000edf00000)
 ParOldGen       total 42496K, used 5247K [0x00000000c3000000, 0x00000000c5980000, 0x00000000ebb00000)
  object space 42496K, 12% used [0x00000000c3000000,0x00000000c351fca0,0x00000000c5980000)
 Metaspace       used 9754K, capacity 9858K, committed 9984K, reserved 1058816K
  class space    used 1179K, capacity 1235K, committed 1280K, reserved 1048576K
}
Event: 1,008 GC heap before
{Heap before GC invocations=4 (full 0):
 PSYoungGen      total 18432K, used 18400K [0x00000000ebb00000, 0x00000000edf00000, 0x0000000100000000)
  eden space 15872K, 100% used [0x00000000ebb00000,0x00000000eca80000,0x00000000eca80000)
  from space 2560K, 98% used [0x00000000eca80000,0x00000000eccf8200,0x00000000ecd00000)
  to   space 2560K, 0% used [0x00000000edc80000,0x00000000edc80000,0x00000000edf00000)
 ParOldGen       total 42496K, used 5259K [0x00000000c3000000, 0x00000000c5980000, 0x00000000ebb00000)
  object space 42496K, 12% used [0x00000000c3000000,0x00000000c3522da0,0x00000000c5980000)
 Metaspace       used 11408K, capacity 11554K, committed 11648K, reserved 1058816K
  class space    used 1364K, capacity 1395K, committed 1408K, reserved 1048576K
Event: 1,014 GC heap after
Heap after GC invocations=4 (full 0):
 PSYoungGen      total 34304K, used 2560K [0x00000000ebb00000, 0x00000000edf00000, 0x0000000100000000)
  eden space 31744K, 0% used [0x00000000ebb00000,0x00000000ebb00000,0x00000000eda00000)
  from space 2560K, 100% used [0x00000000edc80000,0x00000000edf00000,0x00000000edf00000)
  to   space 2560K, 0% used [0x00000000eda00000,0x00000000eda00000,0x00000000edc80000)
 ParOldGen       total 42496K, used 6632K [0x00000000c3000000, 0x00000000c5980000, 0x00000000ebb00000)
  object space 42496K, 15% used [0x00000000c3000000,0x00000000c367a2a8,0x00000000c5980000)
 Metaspace       used 11408K, capacity 11554K, committed 11648K, reserved 1058816K
  class space    used 1364K, capacity 1395K, committed 1408K, reserved 1048576K
}
Event: 1,263 GC heap before
{Heap before GC invocations=5 (full 0):
 PSYoungGen      total 34304K, used 34304K [0x00000000ebb00000, 0x00000000edf00000, 0x0000000100000000)
  eden space 31744K, 100% used [0x00000000ebb00000,0x00000000eda00000,0x00000000eda00000)
  from space 2560K, 100% used [0x00000000edc80000,0x00000000edf00000,0x00000000edf00000)
  to   space 2560K, 0% used [0x00000000eda00000,0x00000000eda00000,0x00000000edc80000)
 ParOldGen       total 42496K, used 6632K [0x00000000c3000000, 0x00000000c5980000, 0x00000000ebb00000)
  object space 42496K, 15% used [0x00000000c3000000,0x00000000c367a2a8,0x00000000c5980000)
 Metaspace       used 14935K, capacity 15056K, committed 15232K, reserved 1062912K
  class space    used 1791K, capacity 1824K, committed 1920K, reserved 1048576K
Event: 1,269 GC heap after
Heap after GC invocations=5 (full 0):
 PSYoungGen      total 34304K, used 2529K [0x00000000ebb00000, 0x00000000f0700000, 0x0000000100000000)
  eden space 31744K, 0% used [0x00000000ebb00000,0x00000000ebb00000,0x00000000eda00000)
  from space 2560K, 98% used [0x00000000eda00000,0x00000000edc78468,0x00000000edc80000)
  to   space 7168K, 0% used [0x00000000f0000000,0x00000000f0000000,0x00000000f0700000)
 ParOldGen       total 42496K, used 9788K [0x00000000c3000000, 0x00000000c5980000, 0x00000000ebb00000)
  object space 42496K, 23% used [0x00000000c3000000,0x00000000c398f110,0x00000000c5980000)
 Metaspace       used 14935K, capacity 15056K, committed 15232K, reserved 1062912K
  class space    used 1791K, capacity 1824K, committed 1920K, reserved 1048576K
}
Event: 1,606 GC heap before
{Heap before GC invocations=6 (full 0):
 PSYoungGen      total 34304K, used 34273K [0x00000000ebb00000, 0x00000000f0700000, 0x0000000100000000)
  eden space 31744K, 100% used [0x00000000ebb00000,0x00000000eda00000,0x00000000eda00000)
  from space 2560K, 98% used [0x00000000eda00000,0x00000000edc78468,0x00000000edc80000)
  to   space 7168K, 0% used [0x00000000f0000000,0x00000000f0000000,0x00000000f0700000)
 ParOldGen       total 42496K, used 9788K [0x00000000c3000000, 0x00000000c5980000, 0x00000000ebb00000)
  object space 42496K, 23% used [0x00000000c3000000,0x00000000c398f110,0x00000000c5980000)
 Metaspace       used 17143K, capacity 17310K, committed 17536K, reserved 1064960K
  class space    used 2052K, capacity 2093K, committed 2176K, reserved 1048576K
Event: 1,620 GC heap after
Heap after GC invocations=6 (full 0):
 PSYoungGen      total 70144K, used 5564K [0x00000000ebb00000, 0x00000000f0800000, 0x0000000100000000)
  eden space 62976K, 0% used [0x00000000ebb00000,0x00000000ebb00000,0x00000000ef880000)
  from space 7168K, 77% used [0x00000000f0000000,0x00000000f056f090,0x00000000f0700000)
  to   space 7680K, 0% used [0x00000000ef880000,0x00000000ef880000,0x00000000f0000000)
 ParOldGen       total 42496K, used 9796K [0x00000000c3000000, 0x00000000c5980000, 0x00000000ebb00000)
  object space 42496K, 23% used [0x00000000c3000000,0x00000000c3991110,0x00000000c5980000)
 Metaspace       used 17143K, capacity 17310K, committed 17536K, reserved 1064960K
  class space    used 2052K, capacity 2093K, committed 2176K, reserved 1048576K
}
Event: 3,219 GC heap before
{Heap before GC invocations=7 (full 0):
 PSYoungGen      total 70144K, used 68540K [0x00000000ebb00000, 0x00000000f0800000, 0x0000000100000000)
  eden space 62976K, 100% used [0x00000000ebb00000,0x00000000ef880000,0x00000000ef880000)
  from space 7168K, 77% used [0x00000000f0000000,0x00000000f056f090,0x00000000f0700000)
  to   space 7680K, 0% used [0x00000000ef880000,0x00000000ef880000,0x00000000f0000000)
 ParOldGen       total 42496K, used 9796K [0x00000000c3000000, 0x00000000c5980000, 0x00000000ebb00000)
  object space 42496K, 23% used [0x00000000c3000000,0x00000000c3991110,0x00000000c5980000)
 Metaspace       used 18168K, capacity 18352K, committed 18688K, reserved 1064960K
  class space    used 2168K, capacity 2224K, committed 2304K, reserved 1048576K

